mode: count
sample/snippetbox/pkg/models/mysql/snippets.go:13.76,18.16 3 0
sample/snippetbox/pkg/models/mysql/snippets.go:22.2,23.16 2 0
sample/snippetbox/pkg/models/mysql/snippets.go:27.2,27.21 1 0
sample/snippetbox/pkg/models/mysql/snippets.go:18.16,20.3 1 0
sample/snippetbox/pkg/models/mysql/snippets.go:23.16,25.3 1 0
sample/snippetbox/pkg/models/mysql/snippets.go:30.61,38.16 5 0
sample/snippetbox/pkg/models/mysql/snippets.go:46.2,46.15 1 0
sample/snippetbox/pkg/models/mysql/snippets.go:38.16,39.36 1 0
sample/snippetbox/pkg/models/mysql/snippets.go:39.36,41.4 1 0
sample/snippetbox/pkg/models/mysql/snippets.go:41.9,43.4 1 0
sample/snippetbox/pkg/models/mysql/snippets.go:49.60,54.16 3 0
sample/snippetbox/pkg/models/mysql/snippets.go:57.2,61.18 3 0
sample/snippetbox/pkg/models/mysql/snippets.go:74.2,74.34 1 0
sample/snippetbox/pkg/models/mysql/snippets.go:78.2,78.22 1 0
sample/snippetbox/pkg/models/mysql/snippets.go:54.16,56.3 1 0
sample/snippetbox/pkg/models/mysql/snippets.go:61.18,64.17 3 0
sample/snippetbox/pkg/models/mysql/snippets.go:67.3,67.33 1 0
sample/snippetbox/pkg/models/mysql/snippets.go:64.17,66.4 1 0
sample/snippetbox/pkg/models/mysql/snippets.go:74.34,76.3 1 0
sample/snippetbox/pkg/models/mysql/users.go:18.64,20.16 2 0
sample/snippetbox/pkg/models/mysql/users.go:24.2,28.16 3 0
sample/snippetbox/pkg/models/mysql/users.go:38.2,38.12 1 0
sample/snippetbox/pkg/models/mysql/users.go:20.16,22.3 1 0
sample/snippetbox/pkg/models/mysql/users.go:28.16,30.34 2 0
sample/snippetbox/pkg/models/mysql/users.go:35.3,35.13 1 0
sample/snippetbox/pkg/models/mysql/users.go:30.34,31.91 1 0
sample/snippetbox/pkg/models/mysql/users.go:31.91,33.5 1 0
sample/snippetbox/pkg/models/mysql/users.go:41.71,47.16 6 0
sample/snippetbox/pkg/models/mysql/users.go:55.2,56.16 2 0
sample/snippetbox/pkg/models/mysql/users.go:64.2,64.16 1 0
sample/snippetbox/pkg/models/mysql/users.go:47.16,48.36 1 0
sample/snippetbox/pkg/models/mysql/users.go:48.36,50.4 1 0
sample/snippetbox/pkg/models/mysql/users.go:50.9,52.4 1 0
sample/snippetbox/pkg/models/mysql/users.go:56.16,57.58 1 0
sample/snippetbox/pkg/models/mysql/users.go:57.58,59.4 1 0
sample/snippetbox/pkg/models/mysql/users.go:59.9,61.4 1 0
sample/snippetbox/pkg/models/mysql/users.go:67.55,72.16 4 3
sample/snippetbox/pkg/models/mysql/users.go:80.2,80.15 1 1
sample/snippetbox/pkg/models/mysql/users.go:72.16,73.36 1 2
sample/snippetbox/pkg/models/mysql/users.go:73.36,75.4 1 2
sample/snippetbox/pkg/models/mysql/users.go:75.9,77.4 1 0
sample/snippetbox/cmd/web/handlers.go:12.70,14.16 2 0
sample/snippetbox/cmd/web/handlers.go:18.2,18.59 1 0
sample/snippetbox/cmd/web/handlers.go:14.16,17.3 2 0
sample/snippetbox/cmd/web/handlers.go:21.71,23.2 1 0
sample/snippetbox/cmd/web/handlers.go:25.77,27.26 2 5
sample/snippetbox/cmd/web/handlers.go:32.2,33.16 2 2
sample/snippetbox/cmd/web/handlers.go:43.2,45.4 1 1
sample/snippetbox/cmd/web/handlers.go:27.26,30.3 2 3
sample/snippetbox/cmd/web/handlers.go:33.16,34.41 1 1
sample/snippetbox/cmd/web/handlers.go:39.3,39.9 1 1
sample/snippetbox/cmd/web/handlers.go:34.41,36.4 1 1
sample/snippetbox/cmd/web/handlers.go:36.9,38.4 1 0
sample/snippetbox/cmd/web/handlers.go:48.83,52.2 1 0
sample/snippetbox/cmd/web/handlers.go:54.79,56.16 2 0
sample/snippetbox/cmd/web/handlers.go:61.2,66.19 5 0
sample/snippetbox/cmd/web/handlers.go:71.2,72.16 2 0
sample/snippetbox/cmd/web/handlers.go:77.2,79.74 2 0
sample/snippetbox/cmd/web/handlers.go:56.16,59.3 2 0
sample/snippetbox/cmd/web/handlers.go:66.19,69.3 2 0
sample/snippetbox/cmd/web/handlers.go:72.16,75.3 2 0
sample/snippetbox/cmd/web/handlers.go:82.80,86.2 1 1
sample/snippetbox/cmd/web/handlers.go:88.76,90.16 2 9
sample/snippetbox/cmd/web/handlers.go:95.2,102.19 7 9
sample/snippetbox/cmd/web/handlers.go:107.2,108.16 2 2
sample/snippetbox/cmd/web/handlers.go:118.2,120.57 2 1
sample/snippetbox/cmd/web/handlers.go:90.16,93.3 2 0
sample/snippetbox/cmd/web/handlers.go:102.19,105.3 2 7
sample/snippetbox/cmd/web/handlers.go:108.16,109.47 1 1
sample/snippetbox/cmd/web/handlers.go:115.3,115.9 1 1
sample/snippetbox/cmd/web/handlers.go:109.47,112.4 2 1
sample/snippetbox/cmd/web/handlers.go:112.9,114.4 1 0
sample/snippetbox/cmd/web/handlers.go:123.79,127.2 1 0
sample/snippetbox/cmd/web/handlers.go:129.75,131.16 2 0
sample/snippetbox/cmd/web/handlers.go:136.2,138.16 3 0
sample/snippetbox/cmd/web/handlers.go:148.2,150.61 2 0
sample/snippetbox/cmd/web/handlers.go:131.16,134.3 2 0
sample/snippetbox/cmd/web/handlers.go:138.16,139.51 1 0
sample/snippetbox/cmd/web/handlers.go:145.3,145.9 1 0
sample/snippetbox/cmd/web/handlers.go:139.51,142.4 2 0
sample/snippetbox/cmd/web/handlers.go:142.9,144.4 1 0
sample/snippetbox/cmd/web/handlers.go:153.76,157.2 3 0
sample/snippetbox/cmd/web/handlers.go:159.51,161.2 1 1
sample/snippetbox/cmd/web/helpers.go:13.89,14.15 1 10
sample/snippetbox/cmd/web/helpers.go:18.2,22.11 5 10
sample/snippetbox/cmd/web/helpers.go:14.15,16.3 1 0
sample/snippetbox/cmd/web/helpers.go:25.103,27.9 2 10
sample/snippetbox/cmd/web/helpers.go:32.2,36.16 3 10
sample/snippetbox/cmd/web/helpers.go:41.2,41.16 1 10
sample/snippetbox/cmd/web/helpers.go:27.9,30.3 2 0
sample/snippetbox/cmd/web/helpers.go:36.16,39.3 2 0
sample/snippetbox/cmd/web/helpers.go:46.71,50.2 3 0
sample/snippetbox/cmd/web/helpers.go:55.72,57.2 1 4
sample/snippetbox/cmd/web/helpers.go:62.57,64.2 1 4
sample/snippetbox/cmd/web/helpers.go:67.63,69.9 2 10
sample/snippetbox/cmd/web/helpers.go:72.2,72.24 1 0
sample/snippetbox/cmd/web/helpers.go:69.9,71.3 1 10
sample/snippetbox/cmd/web/main.go:41.13,51.16 8 0
sample/snippetbox/cmd/web/main.go:54.2,57.16 3 0
sample/snippetbox/cmd/web/main.go:61.2,91.21 9 0
sample/snippetbox/cmd/web/main.go:51.16,53.3 1 0
sample/snippetbox/cmd/web/main.go:57.16,59.3 1 0
sample/snippetbox/cmd/web/main.go:94.42,96.16 2 0
sample/snippetbox/cmd/web/main.go:99.2,99.33 1 0
sample/snippetbox/cmd/web/main.go:102.2,102.16 1 0
sample/snippetbox/cmd/web/main.go:96.16,98.3 1 0
sample/snippetbox/cmd/web/main.go:99.33,101.3 1 0
sample/snippetbox/cmd/web/middleware.go:14.52,15.71 1 4
sample/snippetbox/cmd/web/middleware.go:15.71,20.3 3 20
sample/snippetbox/cmd/web/middleware.go:23.68,24.71 1 3
sample/snippetbox/cmd/web/middleware.go:24.71,28.3 2 19
sample/snippetbox/cmd/web/middleware.go:31.70,32.71 1 3
sample/snippetbox/cmd/web/middleware.go:32.71,33.16 1 19
sample/snippetbox/cmd/web/middleware.go:40.3,40.23 1 19
sample/snippetbox/cmd/web/middleware.go:33.16,34.36 1 19
sample/snippetbox/cmd/web/middleware.go:34.36,37.5 2 0
sample/snippetbox/cmd/web/middleware.go:44.79,45.71 1 9
sample/snippetbox/cmd/web/middleware.go:45.71,46.30 1 0
sample/snippetbox/cmd/web/middleware.go:51.3,53.23 2 0
sample/snippetbox/cmd/web/middleware.go:46.30,49.4 2 0
sample/snippetbox/cmd/web/middleware.go:57.45,66.2 3 30
sample/snippetbox/cmd/web/middleware.go:68.70,69.71 1 30
sample/snippetbox/cmd/web/middleware.go:69.71,71.14 2 15
sample/snippetbox/cmd/web/middleware.go:76.3,77.57 2 0
sample/snippetbox/cmd/web/middleware.go:86.3,87.40 2 0
sample/snippetbox/cmd/web/middleware.go:71.14,74.4 2 15
sample/snippetbox/cmd/web/middleware.go:77.57,81.4 3 0
sample/snippetbox/cmd/web/middleware.go:81.9,81.24 1 0
sample/snippetbox/cmd/web/middleware.go:81.24,84.4 2 0
sample/snippetbox/cmd/web/routes.go:10.47,34.2 17 3
sample/snippetbox/cmd/web/templates.go:21.36,22.16 1 5
sample/snippetbox/cmd/web/templates.go:25.2,25.47 1 4
sample/snippetbox/cmd/web/templates.go:22.16,24.3 1 1
sample/snippetbox/cmd/web/templates.go:32.74,36.16 3 3
sample/snippetbox/cmd/web/templates.go:40.2,40.29 1 3
sample/snippetbox/cmd/web/templates.go:61.2,61.19 1 3
sample/snippetbox/cmd/web/templates.go:36.16,38.3 1 0
sample/snippetbox/cmd/web/templates.go:40.29,43.17 3 18
sample/snippetbox/cmd/web/templates.go:47.3,48.17 2 18
sample/snippetbox/cmd/web/templates.go:52.3,53.17 2 18
sample/snippetbox/cmd/web/templates.go:58.3,58.19 1 18
sample/snippetbox/cmd/web/templates.go:43.17,45.4 1 0
sample/snippetbox/cmd/web/templates.go:48.17,50.4 1 0
sample/snippetbox/cmd/web/templates.go:53.17,55.4 1 0
